


ARM Macro Assembler    Page 1 


    1 00000000         ; Definitions  -- references to 'UM' are to the User Man
                       ual.
    2 00000000         
    3 00000000         ; Timer Stuff -- UM, Table 173
    4 00000000         
    5 00000000 E0004000 
                       T0      equ              0xE0004000  ; Timer 0 Base Addr
                                                            ess
    6 00000000 E0008000 
                       T1      equ              0xE0008000
    7 00000000         
    8 00000000 00000000 
                       IR      equ              0           ; Add this to a tim
                                                            er's base address t
                                                            o get actual regist
                                                            er address
    9 00000000 00000004 
                       TCR     equ              4
   10 00000000 00000014 
                       MCR     equ              0x14
   11 00000000 00000018 
                       MR0     equ              0x18
   12 00000000 00000010 
                       Mode_USR
                               equ              0x10
   13 00000000 00000012 
                       Mode_IRQ
                               equ              0x12
   14 00000000 0000001F 
                       Mode_SYS
                               equ              0x1F
   15 00000000         
   16 00000000 00000002 
                       TimerCommandReset
                               equ              2
   17 00000000 00000001 
                       TimerCommandRun
                               equ              1
   18 00000000 00000003 
                       TimerModeResetAndInterrupt
                               equ              3
   19 00000000 00000001 
                       TimerResetTimer0Interrupt
                               equ              1
   20 00000000 000000FF 
                       TimerResetAllInterrupts
                               equ              0xFF
   21 00000000         
   22 00000000         ; VIC Stuff -- UM, Table 41
   23 00000000 FFFFF000 
                       VIC     equ              0xFFFFF000  ; VIC Base Address
   24 00000000 00000010 
                       IntEnable
                               equ              0x10
   25 00000000 00000030 
                       VectAddr
                               equ              0x30
   26 00000000 00000100 
                       VectAddr0



ARM Macro Assembler    Page 2 


                               equ              0x100
   27 00000000 00000200 
                       VectCtrl0
                               equ              0x200
   28 00000000         
   29 00000000 00000004 
                       Timer0ChannelNumber
                               equ              4           ; UM, Table 63
   30 00000000 00000010 
                       Timer0Mask
                               equ              1<<Timer0ChannelNumber 
                                                            ; UM, Table 63
   31 00000000 00000005 
                       IRQslot_en
                               equ              5           ; UM, Table 58
   32 00000000         
   33 00000000 E0028018 
                       IO1DIR  EQU              0xE0028018
   34 00000000 E0028014 
                       IO1SET  EQU              0xE0028014
   35 00000000 E002801C 
                       IO1CLR  EQU              0xE002801C
   36 00000000 E0028010 
                       IO1PIN  EQU              0xE0028010
   37 00000000         
   38 00000000                 AREA             InitialisationAndMain, CODE, RE
ADONLY
   39 00000000                 IMPORT           main
   40 00000000         
   41 00000000         ; (c) Mike Brady, 2014–2016.
   42 00000000         
   43 00000000                 EXPORT           start
   44 00000000         start
   45 00000000         
   46 00000000         ; Initialise the VIC
   47 00000000 E59F00D8        ldr              r0,=VIC     ; looking at you, V
                                                            IC!
   48 00000004         
   49 00000004 E59F10D8        ldr              r1,=irqhan
   50 00000008 E5801100        str              r1,[r0,#VectAddr0] ; associate 
                                                            our interrupt handl
                                                            er with Vectored In
                                                            terrupt 0
   51 0000000C         
   52 0000000C E3A01024        mov              r1,#Timer0ChannelNumber+(1<<IRQ
slot_en)
   53 00000010 E5801200        str              r1,[r0,#VectCtrl0] ; make Timer
                                                             0 interrupts the s
                                                            ource of Vectored I
                                                            nterrupt 0
   54 00000014         
   55 00000014 E3A01010        mov              r1,#Timer0Mask
   56 00000018 E5801010        str              r1,[r0,#IntEnable] ; enable Tim
                                                            er 0 interrupts to 
                                                            be recognised by th
                                                            e VIC
   57 0000001C         
   58 0000001C E3A01000        mov              r1,#0
   59 00000020 E5801030        str              r1,[r0,#VectAddr] ; remove any 



ARM Macro Assembler    Page 3 


                                                            pending interrupt (
                                                            may not be needed)
   60 00000024         
   61 00000024         ; Initialise Timer 0
   62 00000024 E59F00BC        ldr              r0,=T0      ; looking at you, T
                                                            imer 0!
   63 00000028         
   64 00000028 E3A01002        mov              r1,#TimerCommandReset
   65 0000002C E5801004        str              r1,[r0,#TCR]
   66 00000030         
   67 00000030 E3A010FF        mov              r1,#TimerResetAllInterrupts
   68 00000034 E5801000        str              r1,[r0,#IR]
   69 00000038         
   70 00000038 E59F10AC        ldr              r1,=(14745600/200)-1 ; 5 ms = 1
                                                            /200 second (147456
                                                            00/200)-1
   71 0000003C E5801018        str              r1,[r0,#MR0]
   72 00000040         
   73 00000040 E3A01003        mov              r1,#TimerModeResetAndInterrupt
   74 00000044 E5801014        str              r1,[r0,#MCR]
   75 00000048         
   76 00000048 E3A01001        mov              r1,#TimerCommandRun
   77 0000004C E5801004        str              r1,[r0,#TCR]
   78 00000050         
   79 00000050         ;from here, initialisation is finished, so it should be 
                       the main body of the main program
   80 00000050         ;init 
   81 00000050         ;------------------------------------------
   82 00000050         ;init thread0 with a stack and 
   83 00000050         ;in the lr store the start of the thread
   84 00000050 E59F0098        ldr              r0,=TZERO
   85 00000054 E2800034        add              r0,r0,#52
   86 00000058 E3A01010        mov              r1,#Mode_USR
   87 0000005C E5801000        str              r1,[r0]
   88 00000060         
   89 00000060         ;set as usermode
   90 00000060 E2800004        add              r0,r0,#4
   91 00000064 E59F1088        ldr              r1,=SPZERO
   92 00000068 E2811C01        add              r1,r1,#256
   93 0000006C E5801000        str              r1,[r0]
   94 00000070         
   95 00000070 E2800004        add              r0,r0,#4
   96 00000074 E59F107C        ldr              r1,=Thread0
   97 00000078 E5801000        str              r1,[r0]
   98 0000007C         
   99 0000007C         
  100 0000007C         ;init thread1 with a stack and 
  101 0000007C         ;in the lr store the start of the thread
  102 0000007C E59F0078        ldr              r0,=TONE
  103 00000080 E2800034        add              r0,r0,#52
  104 00000084 E3A01010        mov              r1,#Mode_USR
  105 00000088 E5801000        str              r1,[r0]
  106 0000008C         
  107 0000008C         ;set as usermode
  108 0000008C E2800004        add              r0,r0,#4
  109 00000090 E59F1068        ldr              r1,=SPONE
  110 00000094 E2811C01        add              r1,r1,#256
  111 00000098 E5801000        str              r1,[r0]
  112 0000009C         



ARM Macro Assembler    Page 4 


  113 0000009C E2800004        add              r0,r0,#4
  114 000000A0 E59F105C        ldr              r1,=Thread1
  115 000000A4 E5801000        str              r1,[r0]
  116 000000A8         
  117 000000A8 E3A00001        mov              r0,#1
  118 000000AC E3A01002        mov              r1,#2
  119 000000B0 E3A02003        mov              r2,#3
  120 000000B4 E3A03004        mov              r3,#4
  121 000000B8 E3A04005        mov              r4,#5
  122 000000BC E3A05006        mov              r5,#6
  123 000000C0 E3A06007        mov              r6,#7
  124 000000C4 E3A07008        mov              r7,#8
  125 000000C8 E3A08009        mov              r8,#9
  126 000000CC E3A0900A        mov              r9,#10
  127 000000D0 E3A0A00B        mov              r10,#11
  128 000000D4 E3A0B00C        mov              r11,#12
  129 000000D8 E3A0C00D        mov              r12,#13
  130 000000DC         
  131 000000DC         
  132 000000DC EAFFFFFE 
                       bloop   B                bloop
  133 000000E0         
  134 000000E0         
  135 000000E0         ;main program execution will never drop below the statem
                       ent above.
  136 000000E0         
  137 000000E0 FFFFF000 
              00000000 
              E0004000 
              00011FFF 
              00000000 
              00000000 
              00000000 
              00000000 
              00000000 
              00000000         AREA             InterruptStuff, CODE, READONLY
  138 00000000 E24EE004 
                       irqhan  sub              lr,lr,#4
  139 00000004 E59FD17C        ldr              sp,=IRQSP
  140 00000008 E28DDC01        add              sp,sp,#256
  141 0000000C E92D4003        stmfd            sp!,{r0-r1,lr} ; the lr will be
                                                             restored to the pc
                                                            
  142 00000010         ;counter---------------------
  143 00000010         ;LDR r0,=COUNTER
  144 00000010         ;ldr r1,[r0]
  145 00000010         ;add r1,r1,#5
  146 00000010         ;str r1, [r0]  
  147 00000010         ;----------------------------
  148 00000010         here
  149 00000010         ;-----SKIP FIRST STASH---------
  150 00000010 E59F0174        ldr              r0,=STARTFLAG
  151 00000014 E5901000        ldr              r1,[r0]
  152 00000018 E3510000        cmp              r1,#0x0
  153 0000001C E2811001        add              r1,r1,#1
  154 00000020 E5801000        str              r1,[r0]
  155 00000024 0A00002D        beq              firstStart
  156 00000028         ;------------------------------
  157 00000028         ;-------STASH------------------



ARM Macro Assembler    Page 5 


  158 00000028         ;choose which thread
  159 00000028 E59F0160        ldr              r0,=FLAG
  160 0000002C E5901000        ldr              r1,[r0]
  161 00000030 E3510000        cmp              r1,#0x0
  162 00000034 E2811001        add              r1,r1,#1
  163 00000038 E5801000        str              r1,[r0]
  164 0000003C 0A000000        beq              STASH0
  165 00000040 EA000011        b                STASH1
  166 00000044         
  167 00000044         STASH0
  168 00000044         ;load r0 to r0 in tzero
  169 00000044 E59F0148        ldr              r0,=TZERO
  170 00000048 E49D1004        pop              {r1}
  171 0000004C E5801000        str              r1,[r0]
  172 00000050 E49D1004        pop              {r1}
  173 00000054 E2800004        add              r0,r0,#4
  174 00000058 E5801000        str              r1,[r0]
  175 0000005C E9A01FFC        stmfa            r0!,{r2-r12}
  176 00000060 E2800004        add              r0,r0,#4
  177 00000064 E14F1000        mrs              r1,spsr
  178 00000068 E5801000        str              r1,[r0]
  179 0000006C         
  180 0000006C         ;go to sys mode and save what where the stack was
  181 0000006C E321F01F        msr              cpsr_c,#Mode_SYS
  182 00000070 E2800004        add              r0,r0,#4
  183 00000074 E580D000        str              sp,[r0]
  184 00000078 E321F012        msr              cpsr_c,#Mode_IRQ
  185 0000007C         ;return to irq mode
  186 0000007C         ;store the lr in memory
  187 0000007C E49D1004        pop              {r1}
  188 00000080 E2800004        add              r0,r0,#4
  189 00000084 E5801000        str              r1,[r0]
  190 00000088 EA000017        b                dispach
  191 0000008C         STASH1
  192 0000008C         ;reset the counter
  193 0000008C         ;load r0 to r0 in tzero
  194 0000008C E59F00FC        ldr              r0,=FLAG
  195 00000090 E3A01000        mov              r1,#0x0
  196 00000094 E5801000        str              r1,[r0]
  197 00000098         
  198 00000098 E59F00F8        ldr              r0,=TONE
  199 0000009C E49D1004        pop              {r1}
  200 000000A0 E5801000        str              r1,[r0]
  201 000000A4 E49D1004        pop              {r1}
  202 000000A8 E2800004        add              r0,r0,#4
  203 000000AC E5801000        str              r1,[r0]
  204 000000B0 E9A01FFC        stmfa            r0!,{r2-r12}
  205 000000B4 E2800004        add              r0,r0,#4
  206 000000B8 E14F1000        mrs              r1,spsr
  207 000000BC E5801000        str              r1,[r0]
  208 000000C0         
  209 000000C0         ;go to sys mode and save what where the stack was
  210 000000C0 E321F01F        msr              cpsr_c,#Mode_SYS
  211 000000C4 E2800004        add              r0,r0,#4
  212 000000C8 E580D000        str              sp,[r0]
  213 000000CC E321F012        msr              cpsr_c,#Mode_IRQ
  214 000000D0         ;return to irq mode
  215 000000D0         ;store the lr in memory
  216 000000D0 E49D1004        pop              {r1}



ARM Macro Assembler    Page 6 


  217 000000D4 E2800004        add              r0,r0,#4
  218 000000D8 E5801000        str              r1,[r0]
  219 000000DC EA000002        b                dispach
  220 000000E0         ;------------------------------
  221 000000E0         firstStart
  222 000000E0 E49D0004        pop              {r0}
  223 000000E4 E49D0004        pop              {r0}
  224 000000E8 E49D0004        pop              {r0}
  225 000000EC         dispach
  226 000000EC         ;b here
  227 000000EC         ;this is where we stop the timer from making the interru
                       pt request to the VIC
  228 000000EC         ;i.e. we 'acknowledge' the interrupt
  229 000000EC E59F00AC        ldr              r0,=T0
  230 000000F0 E3A01001        mov              r1,#TimerResetTimer0Interrupt
  231 000000F4 E5801000        str              r1,[r0,#IR] ; remove MR0 interr
                                                            upt request from ti
                                                            mer
  232 000000F8         
  233 000000F8         ;here we stop the VIC from making the interrupt request 
                       to the CPU:
  234 000000F8 E59F00A4        ldr              r0,=VIC
  235 000000FC E3A01000        mov              r1,#0
  236 00000100 E5801030        str              r1,[r0,#VectAddr] ; reset VIC
  237 00000104         ;---------DISPACH-----------------
  238 00000104         ;choose which thread
  239 00000104 E59F0084        ldr              r0,=FLAG
  240 00000108 E5901000        ldr              r1,[r0]
  241 0000010C E3510000        cmp              r1,#0x0
  242 00000110         
  243 00000110 0A000000        beq              DISPACH0
  244 00000114 EA00000D        b                DISPACH1
  245 00000118         
  246 00000118         DISPACH0
  247 00000118         ;go to user mode
  248 00000118 E59F0074        ldr              r0,=TZERO
  249 0000011C E2800034        add              r0,r0,#52
  250 00000120 E5901000        ldr              r1,[r0]
  251 00000124 E12FF001        msr              cpsr_cxsf,r1
  252 00000128 E2800004        add              r0,r0,#4
  253 0000012C E590D000        ldr              sp,[r0]
  254 00000130 E2800004        add              r0,r0,#4
  255 00000134 E590E000        ldr              lr,[r0]
  256 00000138 E59F0054        ldr              r0,=TZERO
  257 0000013C E2800004        add              r0,r0,#4
  258 00000140 E8B01FFE        ldmfd            r0!,{r1-r12}
  259 00000144 E59F0048        ldr              r0,=TZERO
  260 00000148 E5900000        ldr              r0,[r0]
  261 0000014C E12FFF1E        bx               lr
  262 00000150         
  263 00000150         DISPACH1
  264 00000150         
  265 00000150 E59F0040        ldr              r0,=TONE
  266 00000154 E2800034        add              r0,r0,#52
  267 00000158 E5901000        ldr              r1,[r0]
  268 0000015C E12FF001        msr              cpsr_cxsf,r1
  269 00000160 E2800004        add              r0,r0,#4
  270 00000164 E590D000        ldr              sp,[r0]
  271 00000168 E2800004        add              r0,r0,#4



ARM Macro Assembler    Page 7 


  272 0000016C E590E000        ldr              lr,[r0]
  273 00000170 E59F0020        ldr              r0,=TONE
  274 00000174 E2800004        add              r0,r0,#4
  275 00000178 E8B01FFE        ldmfd            r0!,{r1-r12}
  276 0000017C E59F0014        ldr              r0,=TONE
  277 00000180 E5900000        ldr              r0,[r0]
  278 00000184 E12FFF1E        bx               lr
  279 00000188         
  280 00000188 00000000 
              00000000 
              00000000 
              00000000 
              00000000 
              00000000 
              E0004000 
              FFFFF000 
              00000000 
              00000000 
              00000000 
              00000000 
              00000000 
              00000000 
              00000000         AREA             Subroutines, CODE, READONLY
  281 00000000         
  282 00000000         ;-------------------------------------------------------
                       -----
  283 00000000         Thread0
  284 00000000         ;init 
  285 00000000 E59F1080        ldr              r1,=IO1DIR
  286 00000004 E3A0280F        ldr              r2,=0x000f0000 ;select P1.19--P
                                                            1.16
  287 00000008 E5812000        str              r2,[r1]     ;make them outputs
  288 0000000C E59F1078        ldr              r1,=IO1SET
  289 00000010 E5812000        str              r2,[r1]     ;set them to turn t
                                                            he LEDs off
  290 00000014 E59F2074        ldr              r2,=IO1CLR
  291 00000018         ; r1 points to the SET register
  292 00000018         ; r2 points to the CLEAR register
  293 00000018         
  294 00000018 E3A05601        ldr              r5,=0x00100000 ; end when the m
                                                            ask reaches this va
                                                            lue
  295 0000001C E3A03701 
                       wloop   ldr              r3,=0x00040000 
                                                            ; start with P1.16.
                                                            
  296 00000020 E5823000 
                       floop   str              r3,[r2]     ; clear the bit -> 
                                                            turn on the LED
  297 00000024         
  298 00000024         ;delay for about a half second
  299 00000024 E59F4068        ldr              r4,=2000000
  300 00000028 E2544001 
                       dloop   subs             r4,r4,#1
  301 0000002C 1AFFFFFD        bne              dloop
  302 00000030         
  303 00000030 E5813000        str              r3,[r1]     ;set the bit -> tur
                                                            n off the LED
  304 00000034 E1A03083        mov              r3,r3,lsl #1 ;shift up to next 



ARM Macro Assembler    Page 8 


                                                            bit. P1.16 -> P1.17
                                                             etc.
  305 00000038 E1530005        cmp              r3,r5
  306 0000003C 1AFFFFF7        bne              floop
  307 00000040 EAFFFFF5        b                wloop
  308 00000044         ;-------------------------------------------------------
                       -----
  309 00000044         Thread1
  310 00000044 E59F103C        ldr              r1,=IO1DIR
  311 00000048 E3A0280F        ldr              r2,=0x000f0000 ;select P1.19--P
                                                            1.16
  312 0000004C E5812000        str              r2,[r1]     ;make them outputs
  313 00000050 E59F1034        ldr              r1,=IO1SET
  314 00000054 E5812000        str              r2,[r1]     ;set them to turn t
                                                            he LEDs off
  315 00000058 E59F2030        ldr              r2,=IO1CLR
  316 0000005C         ; r1 points to the SET register
  317 0000005C         ; r2 points to the CLEAR register
  318 0000005C         
  319 0000005C E3A05701        ldr              r5,=0x00040000 ; end when the m
                                                            ask reaches this va
                                                            lue
  320 00000060 E3A03801 
                       xloop   ldr              r3,=0x00010000 
                                                            ; start with P1.16.
                                                            
  321 00000064 E5823000 
                       cloop   str              r3,[r2]     ; clear the bit -> 
                                                            turn on the LED
  322 00000068         
  323 00000068         ;delay for about a half second
  324 00000068 E59F4024        ldr              r4,=2000000
  325 0000006C E2544001 
                       vloop   subs             r4,r4,#1
  326 00000070 1AFFFFFD        bne              vloop
  327 00000074         
  328 00000074 E5813000        str              r3,[r1]     ;set the bit -> tur
                                                            n off the LED
  329 00000078 E1A03083        mov              r3,r3,lsl #1 ;shift up to next 
                                                            bit. P1.16 -> P1.17
                                                             etc.
  330 0000007C E1530005        cmp              r3,r5
  331 00000080 1AFFFFF7        bne              cloop
  332 00000084 EAFFFFF5        b                xloop
  333 00000088         ;-------------------------------------------------------
                       -----
  334 00000088 E0028018 
              E0028014 
              E002801C 
              001E8480         AREA             DataStuff, DATA, READWRITE
  335 00000000         TABLE                                ;Hex numbers for 7-
                                                            seg display
  336 00000000 71000000        DCD              0X71000000  ;F
  337 00000004 79000000        DCD              0X79000000  ;E
  338 00000008 5E000000        DCD              0X5E000000  ;D
  339 0000000C 39000000        DCD              0X39000000  ;C
  340 00000010 7C000000        DCD              0X7C000000  ;B
  341 00000014 77000000        DCD              0X77000000  ;A
  342 00000018 6F000000        DCD              0X6F000000  ;9



ARM Macro Assembler    Page 9 


  343 0000001C 7F000000        DCD              0X7F000000  ;8
  344 00000020 07000000        DCD              0X07000000  ;7
  345 00000024 7D000000        DCD              0X7D000000  ;6
  346 00000028 6D000000        DCD              0X6D000000  ;5
  347 0000002C 66000000        DCD              0X66000000  ;4
  348 00000030 4F000000        DCD              0X4F000000  ;3
  349 00000034 5B000000        DCD              0X5B000000  ;2
  350 00000038 06000000        DCD              0X06000000  ;1
  351 0000003C 3F000000        DCD              0x3F000000  ;0
  352 00000040         COUNTER
  353 00000040 00000000        DCD              0X00000000  ;space for COUNTER 
                                                            set to zero to star
                                                            t
  354 00000044         TZERO                                ;space to store the
                                                             registers for each
                                                             of the threads whe
                                                            n they get interrup
                                                            ed
  355 00000044 00000000        DCD              0X00000000  ;r0-r12 +sp + lr
  356 00000048 00000000        DCD              0X00000000
  357 0000004C 00000000        DCD              0X00000000
  358 00000050 00000000        DCD              0X00000000
  359 00000054 00000000        DCD              0X00000000
  360 00000058 00000000        DCD              0X00000000
  361 0000005C 00000000        DCD              0X00000000
  362 00000060 00000000        DCD              0X00000000
  363 00000064 00000000        DCD              0X00000000
  364 00000068 00000000        DCD              0X00000000
  365 0000006C 00000000        DCD              0X00000000
  366 00000070 00000000        DCD              0X00000000
  367 00000074 00000000        DCD              0X00000000
  368 00000078 00000000        DCD              0X00000000  ;cpsr
  369 0000007C 00000000        DCD              0X00000000  ;sp
  370 00000080 00000000        DCD              0X00000000  ;lr 
  371 00000084         TONE
  372 00000084 00000000        DCD              0X00000000  ;r0-12 +sp + lr
  373 00000088 00000000        DCD              0X00000000
  374 0000008C 00000000        DCD              0X00000000
  375 00000090 00000000        DCD              0X00000000
  376 00000094 00000000        DCD              0X00000000
  377 00000098 00000000        DCD              0X00000000
  378 0000009C 00000000        DCD              0X00000000
  379 000000A0 00000000        DCD              0X00000000
  380 000000A4 00000000        DCD              0X00000000
  381 000000A8 00000000        DCD              0X00000000
  382 000000AC 00000000        DCD              0X00000000
  383 000000B0 00000000        DCD              0X00000000
  384 000000B4 00000000        DCD              0X00000000
  385 000000B8 00000000        DCD              0X00000000  ;cpsr
  386 000000BC 00000000        DCD              0X00000000  ;sp
  387 000000C0 00000000        DCD              0X00000000  ;lr
  388 000000C4         FLAG
  389 000000C4 00000000        DCD              0X00000000
  390 000000C8         STARTFLAG
  391 000000C8 00000000        DCD              0X00000000
  392 000000CC         SPZERO                               ;give 2kb of space 
                                                            for the stack point
                                                            ers for each thread
                                                            



ARM Macro Assembler    Page 10 


  393 000000CC 00 00 00 
              00 00 00 
              00 00 00 
              00 00 00 
              00 00 00 
              00 00 00 
              00 00 00 
              00 00 00 
              00 00 00 
              00 00 00 
              00 00 00 
              00 00 00 
              00 00 00 
              00 00 00 
              00 00 00 
              00 00 00 
              00 00 00 
              00 00 00 
              00 00 00 
              00 00 00 
              00 00 00 
              00 00 00 
              00 00 00 
              00 00 00 
              00 00 00 
              00 00 00 
              00 00 00 
              00 00 00 
              00 00 00 
              00 00 00 
              00 00 00 
              00 00 00 
              00 00 00 
              00 00 00 
              00 00 00 
              00 00 00 
              00 00 00 
              00 00 00 
              00 00 00 
              00 00 00 
              00 00 00 
              00 00 00 
              00 00 00 
              00 00 00 
              00 00 00 
              00 00 00 
              00 00 00 
              00 00 00 
              00 00 00 
              00 00 00 
              00 00 00 
              00 00 00 
              00 00 00 
              00 00 00 
              00 00 00 
              00 00 00 
              00 00 00 
              00 00 00 
              00 00 00 



ARM Macro Assembler    Page 11 


              00 00 00 
              00 00 00 
              00 00 00 
              00 00 00 
              00 00 00 
              00 00 00 
              00 00 00 
              00 00 00 
              00 00 00 
              00 00 00 
              00 00 00 
              00 00 00 
              00 00 00 
              00 00 00 
              00 00 00 
              00 00 00 
              00 00 00 
              00 00 00 
              00 00 00 
              00 00 00 
              00 00 00 
              00 00 00 
              00 00 00 
              00 00 00 
              00 00 00 
              00 00 00 
              00 00 00 
              00 00 00 
              00 00 00 
              00 00 00 
              00 00 00 
              00 00 00 
              00 00 00 
              00 00 00 
              00 00 00 
              00 00 00 
              00 00 00 
              00 00 00 
              00 00 00 
              00 00 00 
              00 00 00 
              00 00 00 
              00 00 00 
              00 00 00 
              00 00 00 
              00 00 00 
              00 00 00 
              00 00 00 
              00 00 00 
              00 00 00 
              00 00 00 
              00 00 00 
              00 00 00 
              00 00 00 
              00 00 00 
              00 00 00 
              00 00 00 
              00 00 00 
              00 00 00 



ARM Macro Assembler    Page 12 


              00 00 00 
              00 00 00 
              00 00 00 
              00 00 00 
              00 00 00 
              00 00 00 
              00 00 00 
              00 00 00 
              00 00 00 
              00 00 00 
              00 00 00 
              00 00 00 
              00 00 00 
              00 00 00 
              00 00 00 
              00 00 00 
              00 00 00 
              00 00 00 
              00 00 00 
              00 00 00 
              00 00 00 
              00 00 00 
              00 00 00 
              00 00 00 
              00 00 00 
              00 00 00 
              00 00 00 
              00 00 00 
              00 00 00 
              00 00 00 
              00 00 00 
              00 00 00 
              00 00 00 
              00 00 00 
              00 00 00 
              00 00 00 
              00 00 00 
              00 00 00 
              00 00 00 
              00 00 00 
              00 00 00 
              00 00 00 
              00 00 00 
              00 00 00 
              00 00 00 
              00 00 00 
              00 00 00 
              00 00 00 
              00 00 00 
              00 00 00 
              00 00 00 
              00 00 00 
              00 00 00 
              00 00 00 
              00 00 00 
              00 00 00 
              00 00 00 
              00 00 00 
              00 00 00 



ARM Macro Assembler    Page 13 


              00 00 00 
              00 00 00 
              00 00 00 
              00 00 00 
              00 00 00 
              00 00 00 
              00 00 00 
              00 00 00 
              00 00 00 
              00 00 00 
              00 00 00 
              00 00 00 
              00 00 00 
              00 00 00 
              00 00 00 
              00 00 00 
              00 00 00 
              00 00 00 
              00 00 00 
              00 00 00 
              00 00 00 
              00 00 00 
              00 00 00 
              00 00 00 
              00 00 00 
              00 00 00 
              00 00 00 
              00 00 00 
              00 00 00 
              00 00 00 
              00 00 00 
              00 00 00 
              00 00 00 
              00 00 00 
              00 00 00 
              00 00 00 
              00 00 00 
              00 00 00 
              00 00 00 
              00 00 00 
              00 00 00 
              00 00 00 
              00 00 00 
              00 00 00 
              00 00 00 
              00 00 00 
              00 00 00 
              00 00 00 
              00 00 00 
              00 00 00 
              00 00 00 
              00 00 00 
              00 00 00 
              00 00 00 
              00 00 00 
              00 00 00 
              00 00 00 
              00 00 00 
              00 00 00 



ARM Macro Assembler    Page 14 


              00 00 00 
              00 00 00 
              00 00 00 
              00 00 00 
              00 00 00 
              00 00 00 
              00 00 00 
              00 00 00 
              00 00 00 
              00 00 00 
              00 00 00 
              00 00 00 
              00 00 00 
              00 00 00 
              00 00 00 
              00 00 00 
              00 00 00 
              00 00 00 
              00 00 00 
              00 00 00 
              00 00 00 
              00 00 00 
              00 00 00 
              00 00 00 
              00 00 00 
              00 00 00 
              00 00 00 
              00 00 00 
              00 00 00 
              00 00 00 
              00 00 00 
              00 00 00 
              00 00 00 
              00 00 00 
              00 00 00 
              00 00 00 
              00 00 00 
              00 00 00 
              00 00 00 
              00 00 00 
              00 00 00 
              00 00 00 
              00 00 00 
              00 00 00 
              00 00 00 
              00 00 00 
              00 00 00 
              00 00 00 
              00 00 00 
              00 00 00 
              00 00 00 
              00 00 00 
              00 00 00 
              00 00 00 
              00 00 00 
              00 00 00 
              00 00 00 
              00 00 00 
              00 00 00 



ARM Macro Assembler    Page 15 


              00 00 00 
              00 00 00 
              00 00 00 
              00 00 00 
              00 00 00 
              00 00 00 
              00 00 00 
              00 00 00 
              00 00 00 
              00 00 00 
              00 00 00 
              00 00 00 
              00 00 00 
              00 00 00 
              00 00 00 
              00 00 00 
              00 00 00 
              00 00 00 
              00 00 00 
              00 00 00 
              00 00 00 
              00 00 00 
              00 00 00 
              00 00 00 
              00 00 00 
              00 00 00 
              00 00 00 
              00 00 00 
              00 00 00 
              00 00 00 
              00 00 00 
              00 00 00 
              00 00 00 
              00 00 00 
              00 00 00 
              00 00 00 
              00 00 00 
              00 00 00 
              00 00 00 
              00 00 00 
              00 00 00 
              00 00 00 
              00 00 00 
              00 00 00 
              00 00 00 
              00 00 00 
              00 00 00 
              00 00 00 
              00 00 00 
              00 00 00 
              00 00 00 
              00 00 00 
              00 00 00 
              00 00 00 
              00 00 00 
              00 00 00 
              00 00 00 
              00 00 00 
              00 00 00 



ARM Macro Assembler    Page 16 


              00 00 00 
              00 00 00 
              00 00 00 
              00 00 00 
              00 00 00 
              00 00 00 
              00 00 00 
              00 00 00 
              00 00 00 
              00 00 00 
              00 00 00 
              00 00 00 
              00 00 00 
              00 00 00 
              00 00 00 
              00 00 00 
              00 00 00 
              00 00 00 
              00 00 00 
              00 00 00 
              00 00 00 
              00 00 00 
              00 00 00 
              00 00 00 
              00 00 00 
              00 00 00 
              00 00 00 
              00 00 00 
              00 00 00 
              00 00 00 
              00 00 00 
              00 00 00 
              00 00 00 
              00 00 00 
              00 00 00 
              00 00 00 
              00 00 00 
              00 00 00 
              00 00 00 
              00 00 00 
              00 00 00 
              00 00 00 
              00 00 00 
              00 00 00 
              00 00 00 
              00 00 00 
              00 00 00 
              00 00 00 
              00 00 00 
              00 00 00 
              00 00 00 
              00 00 00 
              00 00 00 
              00 00 00 
              00 00 00 
              00 00 00 
              00 00 00 
              00 00 00 
              00 00 00 



ARM Macro Assembler    Page 17 


              00 00 00 
              00 00 00 
              00 00 00 
              00 00 00 
              00 00 00 
              00 00 00 
              00 00 00 
              00 00 00 
              00 00 00 
              00 00 00 
              00 00 00 
              00 00 00 
              00 00 00 
              00 00 00 
              00 00 00 
              00 00 00 
              00 00 00 
              00 00 00 
              00 00 00 
              00 00 00 
              00 00 00 
              00 00 00 
              00 00 00 
              00 00 00 
              00 00 00 
              00 00 00 
              00 00 00 
              00 00 00 
              00 00 00 
              00 00 00 
              00 00 00 
              00 00 00 
              00 00 00 
              00 00 00 
              00 00 00 
              00 00 00 
              00 00 00 
              00 00 00 
              00 00 00 
              00 00 00 
              00 00 00 
              00 00 00 
              00 00 00 
              00 00 00 
              00 00 00 
              00 00 00 
              00 00 00 
              00 00 00 
              00 00 00 
              00 00 00 
              00 00 00 
              00 00 00 
              00 00 00 
              00 00 00 
              00 00 00 
              00 00 00 
              00 00 00 
              00 00 00 
              00 00 00 



ARM Macro Assembler    Page 18 


              00 00 00 
              00 00 00 
              00 00 00 
              00 00 00 
              00 00 00 
              00 00 00 
              00 00 00 
              00 00 00 
              00 00 00 
              00 00 00 
              00 00 00 
              00 00 00 
              00 00 00 
              00 00 00 
              00 00 00 
              00 00 00 
              00 00 00 
              00 00 00 
              00 00 00 
              00 00 00 
              00 00 00 
              00 00 00 
              00 00 00 
              00 00 00 
              00 00 00 
              00 00 00 
              00 00 00 
              00 00 00 
              00 00 00 
              00 00 00 
              00 00 00 
              00 00 00 
              00 00 00 
              00 00 00 
              00 00 00 
              00 00 00 
              00 00 00 
              00 00 00 
              00 00 00 
              00 00 00 
              00 00 00 
              00 00 00 
              00 00 00 
              00 00 00 
              00 00 00 
              00 00 00 
              00 00 00 
              00 00 00 
              00 00 00 
              00 00 00 
              00 00 00 
              00 00 00 
              00 00 00 
              00 00 00 
              00 00 00 
              00 00 00 
              00 00 00 
              00 00 00 
              00 00 00 



ARM Macro Assembler    Page 19 


              00 00 00 
              00 00 00 
              00 00 00 
              00 00 00 
              00 00 00 
              00 00 00 
              00 00 00 
              00 00 00 
              00 00 00 
              00 00 00 
              00 00 00 
              00 00 00 
              00 00 00 
              00 00 00 
              00 00 00 
              00 00 00 
              00 00 00 
              00 00 00 
              00 00 00 
              00 00 00 
              00 00 00 
              00 00 00 
              00 00 00 
              00 00 00 
              00 00 00 
              00 00 00 
              00 00 00 
              00 00 00 
              00 00 00 
              00 00 00 
              00 00 00 
              00 00 00 
              00 00 00 
              00 00 00 
              00 00 00 
              00 00 00 
              00 00 00 
              00 00 00 
              00 00 00 
              00 00 00 
              00 00 00 
              00 00 00 
              00 00 00 
              00 00 00 
              00 00 00 
              00 00 00 
              00 00 00 
              00 00 00 
              00 00 00 
              00 00 00 
              00 00 00 
              00 00 00 
              00 00 00 
              00 00 00 
              00 00 00 
              00 00 00 
              00 00 00 
              00 00 00 
              00 00 00 



ARM Macro Assembler    Page 20 


              00 00 00 
              00 00 00 
              00 00 00 
              00 00 00 
              00 00 00 
              00 00 00 
              00 00 00 
              00 00 00 
              00 00 00 
              00 00 00 
              00 00 00 
              00 00 00 
              00 00 00 
              00 00 00 
              00 00 00 
              00 00 00 
              00 00 00 
              00 00 00 
              00 00 00 
              00 00 00 
              00 00 00 
              00 00 00 
              00 00 00 
              00 00 00 
              00 00 00 
              00 00 00 
              00 00 00 
              00 00 00 
              00 00 00 
              00 00 00 
              00 00 00 
              00 00 00 
              00 00 00 
              00 00 00 
              00 00 00 
              00 00 00 
              00 00 00 
              00 00 00 
              00 00 00 
              00 00 00 
              00 00 00 
              00 00 00 
              00 00 00 
              00 00 00 
              00 00 00 
              00 00 00 
              00 00 00 
              00 00 00 
              00 00 00 
              00 00 00 
              00 00 00 
              00 00 00 
              00 00 00 
              00 00 00 
              00 00 00 
              00 00 00 
              00 00 00 
              00 00 00 
              00 00 00 



ARM Macro Assembler    Page 21 


              00 00 00 
              00 00 00 
              00 00 00 
              00 00 00 
              00 00 00 
              00 00 00 
              00 00 00 
              00 00 00 
              00 00 00 
              00 00 00 
              00 00 00 
              00 00 00 
              00 00 00 
              00 00 00 
              00 00 00 
              00 00 00 
              00 00 00 
              00 00 00 
              00 00 00 
              00 00 00 
              00 00 00 
              00 00 00 
              00 00 00 
              00 00 00 
              00 00 00 
              00 00 00 
              00 00 00 
              00 00 00 
              00 00 00 
              00 00 00 
              00 00 00 
              00 00 00 
              00 00 00 
              00 00            space            2048
  394 000008CC         SPONE
  395 000008CC 00 00 00 
              00 00 00 
              00 00 00 
              00 00 00 
              00 00 00 
              00 00 00 
              00 00 00 
              00 00 00 
              00 00 00 
              00 00 00 
              00 00 00 
              00 00 00 
              00 00 00 
              00 00 00 
              00 00 00 
              00 00 00 
              00 00 00 
              00 00 00 
              00 00 00 
              00 00 00 
              00 00 00 
              00 00 00 
              00 00 00 
              00 00 00 



ARM Macro Assembler    Page 22 


              00 00 00 
              00 00 00 
              00 00 00 
              00 00 00 
              00 00 00 
              00 00 00 
              00 00 00 
              00 00 00 
              00 00 00 
              00 00 00 
              00 00 00 
              00 00 00 
              00 00 00 
              00 00 00 
              00 00 00 
              00 00 00 
              00 00 00 
              00 00 00 
              00 00 00 
              00 00 00 
              00 00 00 
              00 00 00 
              00 00 00 
              00 00 00 
              00 00 00 
              00 00 00 
              00 00 00 
              00 00 00 
              00 00 00 
              00 00 00 
              00 00 00 
              00 00 00 
              00 00 00 
              00 00 00 
              00 00 00 
              00 00 00 
              00 00 00 
              00 00 00 
              00 00 00 
              00 00 00 
              00 00 00 
              00 00 00 
              00 00 00 
              00 00 00 
              00 00 00 
              00 00 00 
              00 00 00 
              00 00 00 
              00 00 00 
              00 00 00 
              00 00 00 
              00 00 00 
              00 00 00 
              00 00 00 
              00 00 00 
              00 00 00 
              00 00 00 
              00 00 00 
              00 00 00 



ARM Macro Assembler    Page 23 


              00 00 00 
              00 00 00 
              00 00 00 
              00 00 00 
              00 00 00 
              00 00 00 
              00 00 00 
              00 00 00 
              00 00 00 
              00 00 00 
              00 00 00 
              00 00 00 
              00 00 00 
              00 00 00 
              00 00 00 
              00 00 00 
              00 00 00 
              00 00 00 
              00 00 00 
              00 00 00 
              00 00 00 
              00 00 00 
              00 00 00 
              00 00 00 
              00 00 00 
              00 00 00 
              00 00 00 
              00 00 00 
              00 00 00 
              00 00 00 
              00 00 00 
              00 00 00 
              00 00 00 
              00 00 00 
              00 00 00 
              00 00 00 
              00 00 00 
              00 00 00 
              00 00 00 
              00 00 00 
              00 00 00 
              00 00 00 
              00 00 00 
              00 00 00 
              00 00 00 
              00 00 00 
              00 00 00 
              00 00 00 
              00 00 00 
              00 00 00 
              00 00 00 
              00 00 00 
              00 00 00 
              00 00 00 
              00 00 00 
              00 00 00 
              00 00 00 
              00 00 00 
              00 00 00 



ARM Macro Assembler    Page 24 


              00 00 00 
              00 00 00 
              00 00 00 
              00 00 00 
              00 00 00 
              00 00 00 
              00 00 00 
              00 00 00 
              00 00 00 
              00 00 00 
              00 00 00 
              00 00 00 
              00 00 00 
              00 00 00 
              00 00 00 
              00 00 00 
              00 00 00 
              00 00 00 
              00 00 00 
              00 00 00 
              00 00 00 
              00 00 00 
              00 00 00 
              00 00 00 
              00 00 00 
              00 00 00 
              00 00 00 
              00 00 00 
              00 00 00 
              00 00 00 
              00 00 00 
              00 00 00 
              00 00 00 
              00 00 00 
              00 00 00 
              00 00 00 
              00 00 00 
              00 00 00 
              00 00 00 
              00 00 00 
              00 00 00 
              00 00 00 
              00 00 00 
              00 00 00 
              00 00 00 
              00 00 00 
              00 00 00 
              00 00 00 
              00 00 00 
              00 00 00 
              00 00 00 
              00 00 00 
              00 00 00 
              00 00 00 
              00 00 00 
              00 00 00 
              00 00 00 
              00 00 00 
              00 00 00 



ARM Macro Assembler    Page 25 


              00 00 00 
              00 00 00 
              00 00 00 
              00 00 00 
              00 00 00 
              00 00 00 
              00 00 00 
              00 00 00 
              00 00 00 
              00 00 00 
              00 00 00 
              00 00 00 
              00 00 00 
              00 00 00 
              00 00 00 
              00 00 00 
              00 00 00 
              00 00 00 
              00 00 00 
              00 00 00 
              00 00 00 
              00 00 00 
              00 00 00 
              00 00 00 
              00 00 00 
              00 00 00 
              00 00 00 
              00 00 00 
              00 00 00 
              00 00 00 
              00 00 00 
              00 00 00 
              00 00 00 
              00 00 00 
              00 00 00 
              00 00 00 
              00 00 00 
              00 00 00 
              00 00 00 
              00 00 00 
              00 00 00 
              00 00 00 
              00 00 00 
              00 00 00 
              00 00 00 
              00 00 00 
              00 00 00 
              00 00 00 
              00 00 00 
              00 00 00 
              00 00 00 
              00 00 00 
              00 00 00 
              00 00 00 
              00 00 00 
              00 00 00 
              00 00 00 
              00 00 00 
              00 00 00 



ARM Macro Assembler    Page 26 


              00 00 00 
              00 00 00 
              00 00 00 
              00 00 00 
              00 00 00 
              00 00 00 
              00 00 00 
              00 00 00 
              00 00 00 
              00 00 00 
              00 00 00 
              00 00 00 
              00 00 00 
              00 00 00 
              00 00 00 
              00 00 00 
              00 00 00 
              00 00 00 
              00 00 00 
              00 00 00 
              00 00 00 
              00 00 00 
              00 00 00 
              00 00 00 
              00 00 00 
              00 00 00 
              00 00 00 
              00 00 00 
              00 00 00 
              00 00 00 
              00 00 00 
              00 00 00 
              00 00 00 
              00 00 00 
              00 00 00 
              00 00 00 
              00 00 00 
              00 00 00 
              00 00 00 
              00 00 00 
              00 00 00 
              00 00 00 
              00 00 00 
              00 00 00 
              00 00 00 
              00 00 00 
              00 00 00 
              00 00 00 
              00 00 00 
              00 00 00 
              00 00 00 
              00 00 00 
              00 00 00 
              00 00 00 
              00 00 00 
              00 00 00 
              00 00 00 
              00 00 00 
              00 00 00 



ARM Macro Assembler    Page 27 


              00 00 00 
              00 00 00 
              00 00 00 
              00 00 00 
              00 00 00 
              00 00 00 
              00 00 00 
              00 00 00 
              00 00 00 
              00 00 00 
              00 00 00 
              00 00 00 
              00 00 00 
              00 00 00 
              00 00 00 
              00 00 00 
              00 00 00 
              00 00 00 
              00 00 00 
              00 00 00 
              00 00 00 
              00 00 00 
              00 00 00 
              00 00 00 
              00 00 00 
              00 00 00 
              00 00 00 
              00 00 00 
              00 00 00 
              00 00 00 
              00 00 00 
              00 00 00 
              00 00 00 
              00 00 00 
              00 00 00 
              00 00 00 
              00 00 00 
              00 00 00 
              00 00 00 
              00 00 00 
              00 00 00 
              00 00 00 
              00 00 00 
              00 00 00 
              00 00 00 
              00 00 00 
              00 00 00 
              00 00 00 
              00 00 00 
              00 00 00 
              00 00 00 
              00 00 00 
              00 00 00 
              00 00 00 
              00 00 00 
              00 00 00 
              00 00 00 
              00 00 00 
              00 00 00 



ARM Macro Assembler    Page 28 


              00 00 00 
              00 00 00 
              00 00 00 
              00 00 00 
              00 00 00 
              00 00 00 
              00 00 00 
              00 00 00 
              00 00 00 
              00 00 00 
              00 00 00 
              00 00 00 
              00 00 00 
              00 00 00 
              00 00 00 
              00 00 00 
              00 00 00 
              00 00 00 
              00 00 00 
              00 00 00 
              00 00 00 
              00 00 00 
              00 00 00 
              00 00 00 
              00 00 00 
              00 00 00 
              00 00 00 
              00 00 00 
              00 00 00 
              00 00 00 
              00 00 00 
              00 00 00 
              00 00 00 
              00 00 00 
              00 00 00 
              00 00 00 
              00 00 00 
              00 00 00 
              00 00 00 
              00 00 00 
              00 00 00 
              00 00 00 
              00 00 00 
              00 00 00 
              00 00 00 
              00 00 00 
              00 00 00 
              00 00 00 
              00 00 00 
              00 00 00 
              00 00 00 
              00 00 00 
              00 00 00 
              00 00 00 
              00 00 00 
              00 00 00 
              00 00 00 
              00 00 00 
              00 00 00 



ARM Macro Assembler    Page 29 


              00 00 00 
              00 00 00 
              00 00 00 
              00 00 00 
              00 00 00 
              00 00 00 
              00 00 00 
              00 00 00 
              00 00 00 
              00 00 00 
              00 00 00 
              00 00 00 
              00 00 00 
              00 00 00 
              00 00 00 
              00 00 00 
              00 00 00 
              00 00 00 
              00 00 00 
              00 00 00 
              00 00 00 
              00 00 00 
              00 00 00 
              00 00 00 
              00 00 00 
              00 00 00 
              00 00 00 
              00 00 00 
              00 00 00 
              00 00 00 
              00 00 00 
              00 00 00 
              00 00 00 
              00 00 00 
              00 00 00 
              00 00 00 
              00 00 00 
              00 00 00 
              00 00 00 
              00 00 00 
              00 00 00 
              00 00 00 
              00 00 00 
              00 00 00 
              00 00 00 
              00 00 00 
              00 00 00 
              00 00 00 
              00 00 00 
              00 00 00 
              00 00 00 
              00 00 00 
              00 00 00 
              00 00 00 
              00 00 00 
              00 00 00 
              00 00 00 
              00 00 00 
              00 00 00 



ARM Macro Assembler    Page 30 


              00 00 00 
              00 00 00 
              00 00 00 
              00 00 00 
              00 00 00 
              00 00 00 
              00 00 00 
              00 00 00 
              00 00 00 
              00 00 00 
              00 00 00 
              00 00 00 
              00 00 00 
              00 00 00 
              00 00 00 
              00 00 00 
              00 00 00 
              00 00 00 
              00 00 00 
              00 00 00 
              00 00 00 
              00 00 00 
              00 00 00 
              00 00 00 
              00 00 00 
              00 00 00 
              00 00 00 
              00 00 00 
              00 00 00 
              00 00 00 
              00 00 00 
              00 00 00 
              00 00 00 
              00 00 00 
              00 00 00 
              00 00 00 
              00 00 00 
              00 00 00 
              00 00 00 
              00 00 00 
              00 00 00 
              00 00 00 
              00 00 00 
              00 00 00 
              00 00 00 
              00 00 00 
              00 00 00 
              00 00 00 
              00 00 00 
              00 00 00 
              00 00 00 
              00 00 00 
              00 00 00 
              00 00 00 
              00 00 00 
              00 00 00 
              00 00 00 
              00 00 00 
              00 00 00 



ARM Macro Assembler    Page 31 


              00 00 00 
              00 00 00 
              00 00 00 
              00 00 00 
              00 00 00 
              00 00 00 
              00 00 00 
              00 00 00 
              00 00 00 
              00 00 00 
              00 00 00 
              00 00 00 
              00 00 00 
              00 00 00 
              00 00 00 
              00 00 00 
              00 00 00 
              00 00 00 
              00 00 00 
              00 00 00 
              00 00 00 
              00 00 00 
              00 00 00 
              00 00 00 
              00 00 00 
              00 00 00 
              00 00 00 
              00 00 00 
              00 00 00 
              00 00 00 
              00 00 00 
              00 00 00 
              00 00 00 
              00 00 00 
              00 00 00 
              00 00 00 
              00 00 00 
              00 00 00 
              00 00 00 
              00 00 00 
              00 00 00 
              00 00 00 
              00 00 00 
              00 00 00 
              00 00 00 
              00 00 00 
              00 00 00 
              00 00 00 
              00 00 00 
              00 00 00 
              00 00 00 
              00 00 00 
              00 00 00 
              00 00 00 
              00 00 00 
              00 00 00 
              00 00 00 
              00 00 00 
              00 00 00 



ARM Macro Assembler    Page 32 


              00 00 00 
              00 00 00 
              00 00 00 
              00 00 00 
              00 00 00 
              00 00 00 
              00 00 00 
              00 00 00 
              00 00 00 
              00 00 00 
              00 00 00 
              00 00 00 
              00 00 00 
              00 00 00 
              00 00 00 
              00 00 00 
              00 00 00 
              00 00 00 
              00 00 00 
              00 00 00 
              00 00 00 
              00 00 00 
              00 00 00 
              00 00 00 
              00 00 00 
              00 00 00 
              00 00 00 
              00 00 00 
              00 00 00 
              00 00 00 
              00 00 00 
              00 00 00 
              00 00 00 
              00 00 00 
              00 00 00 
              00 00 00 
              00 00 00 
              00 00 00 
              00 00 00 
              00 00 00 
              00 00 00 
              00 00 00 
              00 00 00 
              00 00 00 
              00 00 00 
              00 00 00 
              00 00 00 
              00 00 00 
              00 00 00 
              00 00 00 
              00 00 00 
              00 00 00 
              00 00 00 
              00 00 00 
              00 00 00 
              00 00 00 
              00 00 00 
              00 00 00 
              00 00 00 



ARM Macro Assembler    Page 33 


              00 00 00 
              00 00 00 
              00 00 00 
              00 00 00 
              00 00 00 
              00 00 00 
              00 00 00 
              00 00 00 
              00 00 00 
              00 00            space            2048
  396 000010CC         IRQSP
  397 000010CC 00 00 00 
              00 00 00 
              00 00 00 
              00 00 00 
              00 00 00 
              00 00 00 
              00 00 00 
              00 00 00 
              00 00 00 
              00 00 00 
              00 00 00 
              00 00 00 
              00 00 00 
              00 00 00 
              00 00 00 
              00 00 00 
              00 00 00 
              00 00 00 
              00 00 00 
              00 00 00 
              00 00 00 
              00 00 00 
              00 00 00 
              00 00 00 
              00 00 00 
              00 00 00 
              00 00 00 
              00 00 00 
              00 00 00 
              00 00 00 
              00 00 00 
              00 00 00 
              00 00 00 
              00 00 00 
              00 00 00 
              00 00 00 
              00 00 00 
              00 00 00 
              00 00 00 
              00 00 00 
              00 00 00 
              00 00 00 
              00 00 00 
              00 00 00 
              00 00 00 
              00 00 00 
              00 00 00 
              00 00 00 



ARM Macro Assembler    Page 34 


              00 00 00 
              00 00 00 
              00 00 00 
              00 00 00 
              00 00 00 
              00 00 00 
              00 00 00 
              00 00 00 
              00 00 00 
              00 00 00 
              00 00 00 
              00 00 00 
              00 00 00 
              00 00 00 
              00 00 00 
              00 00 00 
              00 00 00 
              00 00 00 
              00 00 00 
              00 00 00 
              00 00 00 
              00 00 00 
              00 00 00 
              00 00 00 
              00 00 00 
              00 00 00 
              00 00 00 
              00 00 00 
              00 00 00 
              00 00 00 
              00 00 00 
              00 00 00 
              00 00 00 
              00 00 00 
              00 00 00 
              00 00 00 
              00 00 00 
              00 00 00 
              00 00 00 
              00 00 00 
              00 00 00 
              00 00 00 
              00 00 00 
              00 00 00 
              00 00 00 
              00 00 00 
              00 00 00 
              00 00 00 
              00 00 00 
              00 00 00 
              00 00 00 
              00 00 00 
              00 00 00 
              00 00 00 
              00 00 00 
              00 00 00 
              00 00 00 
              00 00 00 
              00 00 00 



ARM Macro Assembler    Page 35 


              00 00 00 
              00 00 00 
              00 00 00 
              00 00 00 
              00 00 00 
              00 00 00 
              00 00 00 
              00 00 00 
              00 00 00 
              00 00 00 
              00 00 00 
              00 00 00 
              00 00 00 
              00 00 00 
              00 00 00 
              00 00 00 
              00 00 00 
              00 00 00 
              00 00 00 
              00 00 00 
              00 00 00 
              00 00 00 
              00 00 00 
              00 00 00 
              00 00 00 
              00 00 00 
              00 00 00 
              00 00 00 
              00 00 00 
              00 00 00 
              00 00 00 
              00 00 00 
              00 00 00 
              00 00 00 
              00 00 00 
              00 00 00 
              00 00 00 
              00 00 00 
              00 00 00 
              00 00 00 
              00 00 00 
              00 00 00 
              00 00 00 
              00 00 00 
              00 00 00 
              00 00 00 
              00 00 00 
              00 00 00 
              00 00 00 
              00 00 00 
              00 00 00 
              00 00 00 
              00 00 00 
              00 00 00 
              00 00 00 
              00 00 00 
              00 00 00 
              00 00 00 
              00 00 00 



ARM Macro Assembler    Page 36 


              00 00 00 
              00 00 00 
              00 00 00 
              00 00 00 
              00 00 00 
              00 00 00 
              00 00 00 
              00 00 00 
              00 00 00 
              00 00 00 
              00 00 00 
              00 00 00 
              00 00 00 
              00 00 00 
              00 00 00 
              00 00 00 
              00 00 00 
              00 00 00 
              00 00 00 
              00 00 00 
              00 00 00 
              00 00 00 
              00 00 00 
              00 00 00 
              00 00 00 
              00 00 00 
              00 00 00 
              00 00 00 
              00 00 00 
              00 00 00 
              00 00 00 
              00 00 00 
              00 00 00 
              00 00 00 
              00 00 00 
              00 00 00 
              00 00 00 
              00 00 00 
              00 00 00 
              00 00 00 
              00 00 00 
              00 00 00 
              00 00 00 
              00 00 00 
              00 00 00 
              00 00 00 
              00 00 00 
              00 00 00 
              00 00 00 
              00 00 00 
              00 00 00 
              00 00 00 
              00 00 00 
              00 00 00 
              00 00 00 
              00 00 00 
              00 00 00 
              00 00 00 
              00 00 00 



ARM Macro Assembler    Page 37 


              00 00 00 
              00 00 00 
              00 00 00 
              00 00 00 
              00 00 00 
              00 00 00 
              00 00 00 
              00 00 00 
              00 00 00 
              00 00 00 
              00 00 00 
              00 00 00 
              00 00 00 
              00 00 00 
              00 00 00 
              00 00 00 
              00 00 00 
              00 00 00 
              00 00 00 
              00 00 00 
              00 00 00 
              00 00 00 
              00 00 00 
              00 00 00 
              00 00 00 
              00 00 00 
              00 00 00 
              00 00 00 
              00 00 00 
              00 00 00 
              00 00 00 
              00 00 00 
              00 00 00 
              00 00 00 
              00 00 00 
              00 00 00 
              00 00 00 
              00 00 00 
              00 00 00 
              00 00 00 
              00 00 00 
              00 00 00 
              00 00 00 
              00 00 00 
              00 00 00 
              00 00 00 
              00 00 00 
              00 00 00 
              00 00 00 
              00 00 00 
              00 00 00 
              00 00 00 
              00 00 00 
              00 00 00 
              00 00 00 
              00 00 00 
              00 00 00 
              00 00 00 
              00 00 00 



ARM Macro Assembler    Page 38 


              00 00 00 
              00 00 00 
              00 00 00 
              00 00 00 
              00 00 00 
              00 00 00 
              00 00 00 
              00 00 00 
              00 00 00 
              00 00 00 
              00 00 00 
              00 00 00 
              00 00 00 
              00 00 00 
              00 00 00 
              00 00 00 
              00 00 00 
              00 00 00 
              00 00 00 
              00 00 00 
              00 00 00 
              00 00 00 
              00 00 00 
              00 00 00 
              00 00 00 
              00 00 00 
              00 00 00 
              00 00 00 
              00 00 00 
              00 00 00 
              00 00 00 
              00 00 00 
              00 00 00 
              00 00 00 
              00 00 00 
              00 00 00 
              00 00 00 
              00 00 00 
              00 00 00 
              00 00 00 
              00 00 00 
              00 00 00 
              00 00 00 
              00 00 00 
              00 00 00 
              00 00 00 
              00 00 00 
              00 00 00 
              00 00 00 
              00 00 00 
              00 00 00 
              00 00 00 
              00 00 00 
              00 00 00 
              00 00 00 
              00 00 00 
              00 00 00 
              00 00 00 
              00 00 00 



ARM Macro Assembler    Page 39 


              00 00 00 
              00 00 00 
              00 00 00 
              00 00 00 
              00 00 00 
              00 00 00 
              00 00 00 
              00 00 00 
              00 00 00 
              00 00 00 
              00 00 00 
              00 00 00 
              00 00 00 
              00 00 00 
              00 00 00 
              00 00 00 
              00 00 00 
              00 00 00 
              00 00 00 
              00 00 00 
              00 00 00 
              00 00 00 
              00 00 00 
              00 00 00 
              00 00 00 
              00 00 00 
              00 00 00 
              00 00 00 
              00 00 00 
              00 00 00 
              00 00 00 
              00 00 00 
              00 00 00 
              00 00 00 
              00 00 00 
              00 00 00 
              00 00 00 
              00 00 00 
              00 00 00 
              00 00 00 
              00 00 00 
              00 00 00 
              00 00 00 
              00 00 00 
              00 00 00 
              00 00 00 
              00 00 00 
              00 00 00 
              00 00 00 
              00 00 00 
              00 00 00 
              00 00 00 
              00 00 00 
              00 00 00 
              00 00 00 
              00 00 00 
              00 00 00 
              00 00 00 
              00 00 00 



ARM Macro Assembler    Page 40 


              00 00 00 
              00 00 00 
              00 00 00 
              00 00 00 
              00 00 00 
              00 00 00 
              00 00 00 
              00 00 00 
              00 00 00 
              00 00 00 
              00 00 00 
              00 00 00 
              00 00 00 
              00 00 00 
              00 00 00 
              00 00 00 
              00 00 00 
              00 00 00 
              00 00 00 
              00 00 00 
              00 00 00 
              00 00 00 
              00 00 00 
              00 00 00 
              00 00 00 
              00 00 00 
              00 00 00 
              00 00 00 
              00 00 00 
              00 00 00 
              00 00 00 
              00 00 00 
              00 00 00 
              00 00 00 
              00 00 00 
              00 00 00 
              00 00 00 
              00 00 00 
              00 00 00 
              00 00 00 
              00 00 00 
              00 00 00 
              00 00 00 
              00 00 00 
              00 00 00 
              00 00 00 
              00 00 00 
              00 00 00 
              00 00 00 
              00 00 00 
              00 00 00 
              00 00 00 
              00 00 00 
              00 00 00 
              00 00 00 
              00 00 00 
              00 00 00 
              00 00 00 
              00 00 00 



ARM Macro Assembler    Page 41 


              00 00 00 
              00 00 00 
              00 00 00 
              00 00 00 
              00 00 00 
              00 00 00 
              00 00 00 
              00 00 00 
              00 00 00 
              00 00 00 
              00 00 00 
              00 00 00 
              00 00 00 
              00 00 00 
              00 00 00 
              00 00 00 
              00 00 00 
              00 00 00 
              00 00 00 
              00 00 00 
              00 00 00 
              00 00 00 
              00 00 00 
              00 00 00 
              00 00 00 
              00 00 00 
              00 00 00 
              00 00 00 
              00 00 00 
              00 00 00 
              00 00 00 
              00 00 00 
              00 00 00 
              00 00 00 
              00 00 00 
              00 00 00 
              00 00 00 
              00 00 00 
              00 00 00 
              00 00 00 
              00 00 00 
              00 00 00 
              00 00 00 
              00 00 00 
              00 00 00 
              00 00 00 
              00 00 00 
              00 00 00 
              00 00 00 
              00 00 00 
              00 00 00 
              00 00 00 
              00 00 00 
              00 00 00 
              00 00 00 
              00 00 00 
              00 00 00 
              00 00 00 
              00 00 00 



ARM Macro Assembler    Page 42 


              00 00 00 
              00 00 00 
              00 00 00 
              00 00 00 
              00 00 00 
              00 00 00 
              00 00 00 
              00 00 00 
              00 00 00 
              00 00 00 
              00 00 00 
              00 00 00 
              00 00 00 
              00 00 00 
              00 00 00 
              00 00 00 
              00 00 00 
              00 00 00 
              00 00 00 
              00 00 00 
              00 00 00 
              00 00 00 
              00 00 00 
              00 00 00 
              00 00 00 
              00 00 00 
              00 00 00 
              00 00 00 
              00 00 00 
              00 00 00 
              00 00 00 
              00 00 00 
              00 00 00 
              00 00 00 
              00 00 00 
              00 00 00 
              00 00 00 
              00 00 00 
              00 00 00 
              00 00 00 
              00 00 00 
              00 00 00 
              00 00 00 
              00 00 00 
              00 00 00 
              00 00 00 
              00 00 00 
              00 00 00 
              00 00 00 
              00 00 00 
              00 00 00 
              00 00 00 
              00 00 00 
              00 00 00 
              00 00 00 
              00 00 00 
              00 00 00 
              00 00 00 
              00 00 00 



ARM Macro Assembler    Page 43 


              00 00 00 
              00 00 00 
              00 00 00 
              00 00 00 
              00 00 00 
              00 00 00 
              00 00 00 
              00 00 00 
              00 00 00 
              00 00 00 
              00 00 00 
              00 00 00 
              00 00 00 
              00 00 00 
              00 00 00 
              00 00 00 
              00 00 00 
              00 00 00 
              00 00 00 
              00 00 00 
              00 00 00 
              00 00 00 
              00 00 00 
              00 00 00 
              00 00 00 
              00 00 00 
              00 00 00 
              00 00 00 
              00 00 00 
              00 00 00 
              00 00 00 
              00 00 00 
              00 00 00 
              00 00 00 
              00 00 00 
              00 00 00 
              00 00 00 
              00 00 00 
              00 00 00 
              00 00 00 
              00 00 00 
              00 00 00 
              00 00 00 
              00 00 00 
              00 00 00 
              00 00 00 
              00 00 00 
              00 00 00 
              00 00 00 
              00 00 00 
              00 00 00 
              00 00 00 
              00 00 00 
              00 00 00 
              00 00 00 
              00 00 00 
              00 00 00 
              00 00 00 
              00 00 00 



ARM Macro Assembler    Page 44 


              00 00 00 
              00 00 00 
              00 00 00 
              00 00 00 
              00 00 00 
              00 00 00 
              00 00 00 
              00 00 00 
              00 00 00 
              00 00 00 
              00 00 00 
              00 00 00 
              00 00 00 
              00 00 00 
              00 00 00 
              00 00 00 
              00 00 00 
              00 00 00 
              00 00 00 
              00 00 00 
              00 00 00 
              00 00 00 
              00 00 00 
              00 00 00 
              00 00 00 
              00 00 00 
              00 00 00 
              00 00 00 
              00 00 00 
              00 00 00 
              00 00 00 
              00 00 00 
              00 00 00 
              00 00 00 
              00 00 00 
              00 00 00 
              00 00 00 
              00 00 00 
              00 00 00 
              00 00 00 
              00 00 00 
              00 00 00 
              00 00 00 
              00 00 00 
              00 00            space            2048
  398 000018CC         
  399 000018CC                 END
Command Line: --debug --xref --diag_suppress=9931 --apcs=interwork --depend=.\a
pp.d -o.\app.o -IC:\Keil_v5\ARM\RV31\INC -IC:\Keil_v5\ARM\CMSIS\Include -IC:\Ke
il_v5\ARM\Inc\Philips --predefine="__EVAL SETA 1" --predefine="__MICROLIB SETA 
1" --predefine="__UVISION_VERSION SETA 516" --list=.\listings\app.lst App.s



ARM Macro Assembler    Page 1 Alphabetic symbol ordering
Relocatable symbols

InitialisationAndMain 00000000

Symbol: InitialisationAndMain
   Definitions
      At line 38 in file App.s
   Uses
      None
Comment: InitialisationAndMain unused
bloop 000000DC

Symbol: bloop
   Definitions
      At line 132 in file App.s
   Uses
      At line 132 in file App.s
Comment: bloop used once
start 00000000

Symbol: start
   Definitions
      At line 44 in file App.s
   Uses
      At line 43 in file App.s
Comment: start used once
3 symbols



ARM Macro Assembler    Page 1 Alphabetic symbol ordering
Relocatable symbols

DISPACH0 00000118

Symbol: DISPACH0
   Definitions
      At line 246 in file App.s
   Uses
      At line 243 in file App.s
Comment: DISPACH0 used once
DISPACH1 00000150

Symbol: DISPACH1
   Definitions
      At line 263 in file App.s
   Uses
      At line 244 in file App.s
Comment: DISPACH1 used once
InterruptStuff 00000000

Symbol: InterruptStuff
   Definitions
      At line 137 in file App.s
   Uses
      None
Comment: InterruptStuff unused
STASH0 00000044

Symbol: STASH0
   Definitions
      At line 167 in file App.s
   Uses
      At line 164 in file App.s
Comment: STASH0 used once
STASH1 0000008C

Symbol: STASH1
   Definitions
      At line 191 in file App.s
   Uses
      At line 165 in file App.s
Comment: STASH1 used once
dispach 000000EC

Symbol: dispach
   Definitions
      At line 225 in file App.s
   Uses
      At line 190 in file App.s
      At line 219 in file App.s

firstStart 000000E0

Symbol: firstStart
   Definitions
      At line 221 in file App.s
   Uses
      At line 155 in file App.s
Comment: firstStart used once
here 00000010




ARM Macro Assembler    Page 2 Alphabetic symbol ordering
Relocatable symbols

Symbol: here
   Definitions
      At line 148 in file App.s
   Uses
      None
Comment: here unused
irqhan 00000000

Symbol: irqhan
   Definitions
      At line 138 in file App.s
   Uses
      At line 49 in file App.s
Comment: irqhan used once
9 symbols



ARM Macro Assembler    Page 1 Alphabetic symbol ordering
Relocatable symbols

Subroutines 00000000

Symbol: Subroutines
   Definitions
      At line 280 in file App.s
   Uses
      None
Comment: Subroutines unused
Thread0 00000000

Symbol: Thread0
   Definitions
      At line 283 in file App.s
   Uses
      At line 96 in file App.s
Comment: Thread0 used once
Thread1 00000044

Symbol: Thread1
   Definitions
      At line 309 in file App.s
   Uses
      At line 114 in file App.s
Comment: Thread1 used once
cloop 00000064

Symbol: cloop
   Definitions
      At line 321 in file App.s
   Uses
      At line 331 in file App.s
Comment: cloop used once
dloop 00000028

Symbol: dloop
   Definitions
      At line 300 in file App.s
   Uses
      At line 301 in file App.s
Comment: dloop used once
floop 00000020

Symbol: floop
   Definitions
      At line 296 in file App.s
   Uses
      At line 306 in file App.s
Comment: floop used once
vloop 0000006C

Symbol: vloop
   Definitions
      At line 325 in file App.s
   Uses
      At line 326 in file App.s
Comment: vloop used once
wloop 0000001C

Symbol: wloop



ARM Macro Assembler    Page 2 Alphabetic symbol ordering
Relocatable symbols

   Definitions
      At line 295 in file App.s
   Uses
      At line 307 in file App.s
Comment: wloop used once
xloop 00000060

Symbol: xloop
   Definitions
      At line 320 in file App.s
   Uses
      At line 332 in file App.s
Comment: xloop used once
9 symbols



ARM Macro Assembler    Page 1 Alphabetic symbol ordering
Relocatable symbols

COUNTER 00000040

Symbol: COUNTER
   Definitions
      At line 352 in file App.s
   Uses
      None
Comment: COUNTER unused
DataStuff 00000000

Symbol: DataStuff
   Definitions
      At line 334 in file App.s
   Uses
      None
Comment: DataStuff unused
FLAG 000000C4

Symbol: FLAG
   Definitions
      At line 388 in file App.s
   Uses
      At line 159 in file App.s
      At line 194 in file App.s
      At line 239 in file App.s

IRQSP 000010CC

Symbol: IRQSP
   Definitions
      At line 396 in file App.s
   Uses
      At line 139 in file App.s
Comment: IRQSP used once
SPONE 000008CC

Symbol: SPONE
   Definitions
      At line 394 in file App.s
   Uses
      At line 109 in file App.s
Comment: SPONE used once
SPZERO 000000CC

Symbol: SPZERO
   Definitions
      At line 392 in file App.s
   Uses
      At line 91 in file App.s
Comment: SPZERO used once
STARTFLAG 000000C8

Symbol: STARTFLAG
   Definitions
      At line 390 in file App.s
   Uses
      At line 150 in file App.s
Comment: STARTFLAG used once
TABLE 00000000



ARM Macro Assembler    Page 2 Alphabetic symbol ordering
Relocatable symbols


Symbol: TABLE
   Definitions
      At line 335 in file App.s
   Uses
      None
Comment: TABLE unused
TONE 00000084

Symbol: TONE
   Definitions
      At line 371 in file App.s
   Uses
      At line 102 in file App.s
      At line 198 in file App.s
      At line 265 in file App.s
      At line 273 in file App.s
      At line 276 in file App.s

TZERO 00000044

Symbol: TZERO
   Definitions
      At line 354 in file App.s
   Uses
      At line 84 in file App.s
      At line 169 in file App.s
      At line 248 in file App.s
      At line 256 in file App.s
      At line 259 in file App.s

10 symbols



ARM Macro Assembler    Page 1 Alphabetic symbol ordering
Absolute symbols

IO1CLR E002801C

Symbol: IO1CLR
   Definitions
      At line 35 in file App.s
   Uses
      At line 290 in file App.s
      At line 315 in file App.s

IO1DIR E0028018

Symbol: IO1DIR
   Definitions
      At line 33 in file App.s
   Uses
      At line 285 in file App.s
      At line 310 in file App.s

IO1PIN E0028010

Symbol: IO1PIN
   Definitions
      At line 36 in file App.s
   Uses
      None
Comment: IO1PIN unused
IO1SET E0028014

Symbol: IO1SET
   Definitions
      At line 34 in file App.s
   Uses
      At line 288 in file App.s
      At line 313 in file App.s

IR 00000000

Symbol: IR
   Definitions
      At line 8 in file App.s
   Uses
      At line 68 in file App.s
      At line 231 in file App.s

IRQslot_en 00000005

Symbol: IRQslot_en
   Definitions
      At line 31 in file App.s
   Uses
      At line 52 in file App.s
Comment: IRQslot_en used once
IntEnable 00000010

Symbol: IntEnable
   Definitions
      At line 24 in file App.s
   Uses
      At line 56 in file App.s



ARM Macro Assembler    Page 2 Alphabetic symbol ordering
Absolute symbols

Comment: IntEnable used once
MCR 00000014

Symbol: MCR
   Definitions
      At line 10 in file App.s
   Uses
      At line 74 in file App.s
Comment: MCR used once
MR0 00000018

Symbol: MR0
   Definitions
      At line 11 in file App.s
   Uses
      At line 71 in file App.s
Comment: MR0 used once
Mode_IRQ 00000012

Symbol: Mode_IRQ
   Definitions
      At line 13 in file App.s
   Uses
      At line 184 in file App.s
      At line 213 in file App.s

Mode_SYS 0000001F

Symbol: Mode_SYS
   Definitions
      At line 14 in file App.s
   Uses
      At line 181 in file App.s
      At line 210 in file App.s

Mode_USR 00000010

Symbol: Mode_USR
   Definitions
      At line 12 in file App.s
   Uses
      At line 86 in file App.s
      At line 104 in file App.s

T0 E0004000

Symbol: T0
   Definitions
      At line 5 in file App.s
   Uses
      At line 62 in file App.s
      At line 229 in file App.s

T1 E0008000

Symbol: T1
   Definitions
      At line 6 in file App.s
   Uses



ARM Macro Assembler    Page 3 Alphabetic symbol ordering
Absolute symbols

      None
Comment: T1 unused
TCR 00000004

Symbol: TCR
   Definitions
      At line 9 in file App.s
   Uses
      At line 65 in file App.s
      At line 77 in file App.s

Timer0ChannelNumber 00000004

Symbol: Timer0ChannelNumber
   Definitions
      At line 29 in file App.s
   Uses
      At line 30 in file App.s
      At line 52 in file App.s

Timer0Mask 00000010

Symbol: Timer0Mask
   Definitions
      At line 30 in file App.s
   Uses
      At line 55 in file App.s
Comment: Timer0Mask used once
TimerCommandReset 00000002

Symbol: TimerCommandReset
   Definitions
      At line 16 in file App.s
   Uses
      At line 64 in file App.s
Comment: TimerCommandReset used once
TimerCommandRun 00000001

Symbol: TimerCommandRun
   Definitions
      At line 17 in file App.s
   Uses
      At line 76 in file App.s
Comment: TimerCommandRun used once
TimerModeResetAndInterrupt 00000003

Symbol: TimerModeResetAndInterrupt
   Definitions
      At line 18 in file App.s
   Uses
      At line 73 in file App.s
Comment: TimerModeResetAndInterrupt used once
TimerResetAllInterrupts 000000FF

Symbol: TimerResetAllInterrupts
   Definitions
      At line 20 in file App.s
   Uses
      At line 67 in file App.s



ARM Macro Assembler    Page 4 Alphabetic symbol ordering
Absolute symbols

Comment: TimerResetAllInterrupts used once
TimerResetTimer0Interrupt 00000001

Symbol: TimerResetTimer0Interrupt
   Definitions
      At line 19 in file App.s
   Uses
      At line 230 in file App.s
Comment: TimerResetTimer0Interrupt used once
VIC FFFFF000

Symbol: VIC
   Definitions
      At line 23 in file App.s
   Uses
      At line 47 in file App.s
      At line 234 in file App.s

VectAddr 00000030

Symbol: VectAddr
   Definitions
      At line 25 in file App.s
   Uses
      At line 59 in file App.s
      At line 236 in file App.s

VectAddr0 00000100

Symbol: VectAddr0
   Definitions
      At line 26 in file App.s
   Uses
      At line 50 in file App.s
Comment: VectAddr0 used once
VectCtrl0 00000200

Symbol: VectCtrl0
   Definitions
      At line 27 in file App.s
   Uses
      At line 53 in file App.s
Comment: VectCtrl0 used once
26 symbols



ARM Macro Assembler    Page 1 Alphabetic symbol ordering
External symbols

main 00000000

Symbol: main
   Definitions
      At line 39 in file App.s
   Uses
      None
Comment: main unused
1 symbol
397 symbols in table
